ContactManager/app/build/intermediates/manifest_merge_blame_file/debug/processDebugMainManifest/manifest-merger-blame-debug-report.txt
1<?xml version="1.0" encoding="utf-8"?>
2<manifest xmlns:android="http://schemas.android.com/apk/res/android"
3    package="com.example.contactmanager"
4    android:versionCode="1"
5    android:versionName="1.0" >
6
7    <uses-sdk
8        android:minSdkVersion="26"
9        android:targetSdkVersion="34" />
10
11    <!-- Permissions for calling, SMS, and media -->
12    <uses-permission android:name="android.permission.CALL_PHONE" />
12-->src\main\AndroidManifest.xml:5:5-69
12-->src\main\AndroidManifest.xml:5:22-66
13    <uses-permission android:name="android.permission.SEND_SMS" />
13-->src\main\AndroidManifest.xml:6:5-67
13-->src\main\AndroidManifest.xml:6:22-64
14    <uses-permission android:name="android.permission.RECEIVE_SMS" />
14-->src\main\AndroidManifest.xml:7:5-70
14-->src\main\AndroidManifest.xml:7:22-67
15    <uses-permission android:name="android.permission.READ_SMS" />
15-->src\main\AndroidManifest.xml:8:5-67
15-->src\main\AndroidManifest.xml:8:22-64
16    <uses-permission android:name="android.permission.READ_MEDIA_IMAGES" />
16-->src\main\AndroidManifest.xml:9:5-76
16-->src\main\AndroidManifest.xml:9:22-73
17    <uses-permission
17-->src\main\AndroidManifest.xml:10:5-11:38
18        android:name="android.permission.READ_EXTERNAL_STORAGE"
18-->src\main\AndroidManifest.xml:10:22-77
19        android:maxSdkVersion="32" />
19-->src\main\AndroidManifest.xml:11:9-35
20
21    <permission
21-->[androidx.core:core:1.9.0] AndroidManifest.xml:22:5-24:47
22        android:name="com.example.contactmanager.DYNAMIC_RECEIVER_NOT_EXPORTED_PERMISSION"
22-->[androidx.core:core:1.9.0] AndroidManifest.xml:23:9-81
23        android:protectionLevel="signature" />
23-->[androidx.core:core:1.9.0] AndroidManifest.xml:24:9-44
24
25    <uses-permission android:name="com.example.contactmanager.DYNAMIC_RECEIVER_NOT_EXPORTED_PERMISSION" />
25-->[androidx.core:core:1.9.0] AndroidManifest.xml:26:5-97
25-->[androidx.core:core:1.9.0] AndroidManifest.xml:26:22-94
26
27    <application
27-->src\main\AndroidManifest.xml:13:5-83:19
28        android:allowBackup="true"
28-->src\main\AndroidManifest.xml:14:9-35
29        android:appComponentFactory="androidx.core.app.CoreComponentFactory"
29-->[androidx.core:core:1.9.0] AndroidManifest.xml:28:18-86
30        android:debuggable="true"
31        android:extractNativeLibs="false"
32        android:icon="@mipmap/ic_launcher"
32-->src\main\AndroidManifest.xml:15:9-43
33        android:label="@string/app_name"
33-->src\main\AndroidManifest.xml:16:9-41
34        android:roundIcon="@mipmap/ic_launcher_round"
34-->src\main\AndroidManifest.xml:17:9-54
35        android:supportsRtl="true"
35-->src\main\AndroidManifest.xml:18:9-35
36        android:testOnly="true"
37        android:theme="@style/Theme.ContactManager" >
37-->src\main\AndroidManifest.xml:19:9-52
38
39        <!-- Main entry point -->
40        <activity
40-->src\main\AndroidManifest.xml:22:9-30:20
41            android:name="com.example.contactmanager.controller.MainActivity"
41-->src\main\AndroidManifest.xml:23:13-52
42            android:exported="true"
42-->src\main\AndroidManifest.xml:24:13-36
43            android:windowSoftInputMode="adjustResize" >
43-->src\main\AndroidManifest.xml:25:13-55
44            <intent-filter>
44-->src\main\AndroidManifest.xml:26:13-29:29
45                <action android:name="android.intent.action.MAIN" />
45-->src\main\AndroidManifest.xml:27:17-69
45-->src\main\AndroidManifest.xml:27:25-66
46
47                <category android:name="android.intent.category.LAUNCHER" />
47-->src\main\AndroidManifest.xml:28:17-77
47-->src\main\AndroidManifest.xml:28:27-74
48            </intent-filter>
49        </activity>
50        <activity
50-->src\main\AndroidManifest.xml:32:9-35:69
51            android:name="com.example.contactmanager.controller.ContactDetailActivity"
51-->src\main\AndroidManifest.xml:33:13-61
52            android:exported="false"
52-->src\main\AndroidManifest.xml:34:13-37
53            android:parentActivityName="com.example.contactmanager.controller.MainActivity" />
53-->src\main\AndroidManifest.xml:35:13-66
54        <activity
54-->src\main\AndroidManifest.xml:37:9-40:58
55            android:name="com.example.contactmanager.controller.AddEditContactActivity"
55-->src\main\AndroidManifest.xml:38:13-62
56            android:exported="false"
56-->src\main\AndroidManifest.xml:39:13-37
57            android:windowSoftInputMode="adjustResize" />
57-->src\main\AndroidManifest.xml:40:13-55
58        <activity
58-->src\main\AndroidManifest.xml:42:9-45:69
59            android:name="com.example.contactmanager.controller.GroupsActivity"
59-->src\main\AndroidManifest.xml:43:13-54
60            android:exported="false"
60-->src\main\AndroidManifest.xml:44:13-37
61            android:parentActivityName="com.example.contactmanager.controller.MainActivity" />
61-->src\main\AndroidManifest.xml:45:13-66
62        <activity
62-->src\main\AndroidManifest.xml:47:9-50:71
63            android:name="com.example.contactmanager.controller.GroupDetailActivity"
63-->src\main\AndroidManifest.xml:48:13-59
64            android:exported="false"
64-->src\main\AndroidManifest.xml:49:13-37
65            android:parentActivityName="com.example.contactmanager.controller.GroupsActivity" />
65-->src\main\AndroidManifest.xml:50:13-68
66        <activity
66-->src\main\AndroidManifest.xml:52:9-55:69
67            android:name="com.example.contactmanager.controller.BlacklistActivity"
67-->src\main\AndroidManifest.xml:53:13-57
68            android:exported="false"
68-->src\main\AndroidManifest.xml:54:13-37
69            android:parentActivityName="com.example.contactmanager.controller.MainActivity" />
69-->src\main\AndroidManifest.xml:55:13-66
70
71        <!--
72            SMS BroadcastReceiver for blocking SMS from blacklisted contacts.
73            NOTE: On Android 10+ (API 29+), full SMS blocking requires the app to be
74            set as the default SMS application. This receiver intercepts SMS broadcasts
75            and aborts them for blacklisted numbers at the application level.
76        -->
77        <receiver
77-->src\main\AndroidManifest.xml:63:9-70:20
78            android:name="com.example.contactmanager.receiver.SmsReceiver"
78-->src\main\AndroidManifest.xml:64:13-49
79            android:exported="true"
79-->src\main\AndroidManifest.xml:65:13-36
80            android:permission="android.permission.BROADCAST_SMS" >
80-->src\main\AndroidManifest.xml:66:13-66
81            <intent-filter android:priority="999" >
81-->src\main\AndroidManifest.xml:67:13-69:29
81-->src\main\AndroidManifest.xml:67:28-50
82                <action android:name="android.provider.Telephony.SMS_RECEIVED" />
82-->src\main\AndroidManifest.xml:68:17-82
82-->src\main\AndroidManifest.xml:68:25-79
83            </intent-filter>
84        </receiver>
85
86        <!-- FileProvider for sharing exported CSV files -->
87        <provider
88            android:name="androidx.core.content.FileProvider"
88-->src\main\AndroidManifest.xml:74:13-62
89            android:authorities="com.example.contactmanager.fileprovider"
89-->src\main\AndroidManifest.xml:75:13-64
90            android:exported="false"
90-->src\main\AndroidManifest.xml:76:13-37
91            android:grantUriPermissions="true" >
91-->src\main\AndroidManifest.xml:77:13-47
92            <meta-data
92-->src\main\AndroidManifest.xml:78:13-80:54
93                android:name="android.support.FILE_PROVIDER_PATHS"
93-->src\main\AndroidManifest.xml:79:17-67
94                android:resource="@xml/file_paths" />
94-->src\main\AndroidManifest.xml:80:17-51
95        </provider>
96        <provider
96-->[androidx.emoji2:emoji2:1.2.0] AndroidManifest.xml:24:9-32:20
97            android:name="androidx.startup.InitializationProvider"
97-->[androidx.emoji2:emoji2:1.2.0] AndroidManifest.xml:25:13-67
98            android:authorities="com.example.contactmanager.androidx-startup"
98-->[androidx.emoji2:emoji2:1.2.0] AndroidManifest.xml:26:13-68
99            android:exported="false" >
99-->[androidx.emoji2:emoji2:1.2.0] AndroidManifest.xml:27:13-37
100            <meta-data
100-->[androidx.emoji2:emoji2:1.2.0] AndroidManifest.xml:29:13-31:52
101                android:name="androidx.emoji2.text.EmojiCompatInitializer"
101-->[androidx.emoji2:emoji2:1.2.0] AndroidManifest.xml:30:17-75
102                android:value="androidx.startup" />
102-->[androidx.emoji2:emoji2:1.2.0] AndroidManifest.xml:31:17-49
103            <meta-data
103-->[androidx.lifecycle:lifecycle-process:2.6.1] AndroidManifest.xml:29:13-31:52
104                android:name="androidx.lifecycle.ProcessLifecycleInitializer"
104-->[androidx.lifecycle:lifecycle-process:2.6.1] AndroidManifest.xml:30:17-78
105                android:value="androidx.startup" />
105-->[androidx.lifecycle:lifecycle-process:2.6.1] AndroidManifest.xml:31:17-49
106            <meta-data
106-->[androidx.profileinstaller:profileinstaller:1.3.0] AndroidManifest.xml:29:13-31:52
107                android:name="androidx.profileinstaller.ProfileInstallerInitializer"
107-->[androidx.profileinstaller:profileinstaller:1.3.0] AndroidManifest.xml:30:17-85
108                android:value="androidx.startup" />
108-->[androidx.profileinstaller:profileinstaller:1.3.0] AndroidManifest.xml:31:17-49
109        </provider>
110
111        <receiver
111-->[androidx.profileinstaller:profileinstaller:1.3.0] AndroidManifest.xml:34:9-52:20
112            android:name="androidx.profileinstaller.ProfileInstallReceiver"
112-->[androidx.profileinstaller:profileinstaller:1.3.0] AndroidManifest.xml:35:13-76
113            android:directBootAware="false"
113-->[androidx.profileinstaller:profileinstaller:1.3.0] AndroidManifest.xml:36:13-44
114            android:enabled="true"
114-->[androidx.profileinstaller:profileinstaller:1.3.0] AndroidManifest.xml:37:13-35
115            android:exported="true"
115-->[androidx.profileinstaller:profileinstaller:1.3.0] AndroidManifest.xml:38:13-36
116            android:permission="android.permission.DUMP" >
116-->[androidx.profileinstaller:profileinstaller:1.3.0] AndroidManifest.xml:39:13-57
117            <intent-filter>
117-->[androidx.profileinstaller:profileinstaller:1.3.0] AndroidManifest.xml:40:13-42:29
118                <action android:name="androidx.profileinstaller.action.INSTALL_PROFILE" />
118-->[androidx.profileinstaller:profileinstaller:1.3.0] AndroidManifest.xml:41:17-91
118-->[androidx.profileinstaller:profileinstaller:1.3.0] AndroidManifest.xml:41:25-88
119            </intent-filter>
120            <intent-filter>
120-->[androidx.profileinstaller:profileinstaller:1.3.0] AndroidManifest.xml:43:13-45:29
121                <action android:name="androidx.profileinstaller.action.SKIP_FILE" />
121-->[androidx.profileinstaller:profileinstaller:1.3.0] AndroidManifest.xml:44:17-85
121-->[androidx.profileinstaller:profileinstaller:1.3.0] AndroidManifest.xml:44:25-82
122            </intent-filter>
123            <intent-filter>
123-->[androidx.profileinstaller:profileinstaller:1.3.0] AndroidManifest.xml:46:13-48:29
124                <action android:name="androidx.profileinstaller.action.SAVE_PROFILE" />
124-->[androidx.profileinstaller:profileinstaller:1.3.0] AndroidManifest.xml:47:17-88
124-->[androidx.profileinstaller:profileinstaller:1.3.0] AndroidManifest.xml:47:25-85
125            </intent-filter>
126            <intent-filter>
126-->[androidx.profileinstaller:profileinstaller:1.3.0] AndroidManifest.xml:49:13-51:29
127                <action android:name="androidx.profileinstaller.action.BENCHMARK_OPERATION" />
127-->[androidx.profileinstaller:profileinstaller:1.3.0] AndroidManifest.xml:50:17-95
127-->[androidx.profileinstaller:profileinstaller:1.3.0] AndroidManifest.xml:50:25-92
128            </intent-filter>
129        </receiver>
130    </application>
131
132</manifest>